<?xml version="1.0" encoding="UTF-8"?>
<!-- Generated by org.testng.reporters.JUnitReportReporter -->
<testsuite skipped="0" hostname="SYB-LP-TEST-010" name="practoapp.methods" tests="1" failures="0" timestamp="20 Dec 2017 07:27:12 GMT" time="43.564" errors="0">
  <testcase name="installation" time="43.564" classname="practoapp.methods"/>
</testsuite> <!-- practoapp.methods -->
