<?xml version="1.0" encoding="UTF-8"?>
<!-- Generated by org.testng.reporters.JUnitReportReporter -->
<testsuite hostname="SYB-LP-TEST-010" name="practoapp.apptest" tests="1" failures="0" timestamp="20 Dec 2017 10:12:06 GMT" time="113.441" errors="0">
  <testcase name="automation" time="113.441" classname="practoapp.apptest"/>
</testsuite> <!-- practoapp.apptest -->
