<?xml version="1.0" encoding="UTF-8"?>
<!-- Generated by org.testng.reporters.JUnitReportReporter -->
<testsuite skipped="0" hostname="SYB-LP-TEST-010" name="practoapp.methods" tests="1" failures="0" timestamp="21 Dec 2017 07:52:13 GMT" time="43.507" errors="0">
  <testcase name="installation" time="43.507" classname="practoapp.methods"/>
</testsuite> <!-- practoapp.methods -->
