<?xml version="1.0" encoding="UTF-8"?>
<!-- Generated by org.testng.reporters.JUnitReportReporter -->
<testsuite skipped="0" hostname="SYB-LP-TEST-010" name="practoapp.apptest" tests="1" failures="0" timestamp="21 Dec 2017 12:01:39 GMT" time="173.571" errors="0">
  <testcase name="automation" time="173.571" classname="practoapp.apptest"/>
</testsuite> <!-- practoapp.apptest -->
